<?xml version="1.0" encoding="UTF-8"?>
<!-- Generated by org.testng.reporters.JUnitXMLReporter -->
<testsuite ignored="0" hostname="LAP-KARTHIGA" failures="0" tests="3" name="StandAloneTest" time="38.019" errors="0" timestamp="20 Sep 2023 14:27:31 GMT">
  <testcase classname="KarthigaAcademy.product.StandAloneTest" name="submitOrderForSelectedProduct" time="6.853"/>
  <testcase classname="KarthigaAcademy.product.StandAloneTest" name="submitOrderForSelectedProduct" time="6.361"/>
  <testcase classname="KarthigaAcademy.product.StandAloneTest" name="OrderHistory" time="1.239"/>
</testsuite> <!-- StandAloneTest -->
